<?xml version="1.0" encoding="UTF-8"?>
<testng-results ignored="0" total="0" passed="0" failed="0" skipped="0">
  <reporter-output>
  </reporter-output>
  <suite started-at="2021-02-23T12:13:57 IST" name="appTest" finished-at="2021-02-23T12:13:57 IST" duration-ms="5">
    <groups>
    </groups>
    <test started-at="2021-02-23T12:13:57 IST" name="Command line test" finished-at="2021-02-23T12:13:57 IST" duration-ms="5">
    </test> <!-- Command line test -->
  </suite> <!-- appTest -->
</testng-results>
